<?xml version="1.0" encoding="UTF-8"?>
<testng-results skipped="0" failed="0" ignored="0" total="1" passed="1">
  <reporter-output>
  </reporter-output>
  <suite name="Suite" duration-ms="91504" started-at="2017-02-26T09:05:41Z" finished-at="2017-02-26T09:07:13Z">
    <groups>
    </groups>
    <test name="Test" duration-ms="91504" started-at="2017-02-26T09:05:41Z" finished-at="2017-02-26T09:07:13Z">
      <class name="com.testng.yahoo.SnapDeal.SnapDealTestclass">
        <test-method status="PASS" signature="prequisites()[pri:0, instance:com.testng.yahoo.SnapDeal.SnapDealTestclass@129a8472]" name="prequisites" is-config="true" duration-ms="64871" started-at="2017-02-26T14:35:41Z" finished-at="2017-02-26T14:36:46Z">
          <reporter-output>
          </reporter-output>
        </test-method> <!-- prequisites -->
        <test-method status="PASS" signature="verifyExistenceOfOffers()[pri:0, instance:com.testng.yahoo.SnapDeal.SnapDealTestclass@129a8472]" name="verifyExistenceOfOffers" duration-ms="24306" started-at="2017-02-26T14:36:46Z" finished-at="2017-02-26T14:37:11Z">
          <reporter-output>
          </reporter-output>
        </test-method> <!-- verifyExistenceOfOffers -->
        <test-method status="PASS" signature="closeBrowser()[pri:0, instance:com.testng.yahoo.SnapDeal.SnapDealTestclass@129a8472]" name="closeBrowser" is-config="true" duration-ms="2302" started-at="2017-02-26T14:37:11Z" finished-at="2017-02-26T14:37:13Z">
          <reporter-output>
          </reporter-output>
        </test-method> <!-- closeBrowser -->
      </class> <!-- com.testng.yahoo.SnapDeal.SnapDealTestclass -->
    </test> <!-- Test -->
  </suite> <!-- Suite -->
</testng-results>
