<?xml version="1.0" encoding="UTF-8"?>
<testng-results skipped="0" failed="0" ignored="0" total="1" passed="1">
  <reporter-output>
  </reporter-output>
  <suite name="Default suite" duration-ms="30947" started-at="2017-02-25T06:23:01Z" finished-at="2017-02-25T06:23:32Z">
    <groups>
    </groups>
    <test name="Default test" duration-ms="30947" started-at="2017-02-25T06:23:01Z" finished-at="2017-02-25T06:23:32Z">
      <class name="com.testng.yahoo.SnapDeal.SnapDealTestclass">
        <test-method status="PASS" signature="prequisites()[pri:0, instance:com.testng.yahoo.SnapDeal.SnapDealTestclass@46d56d67]" name="prequisites" is-config="true" duration-ms="22477" started-at="2017-02-25T11:53:01Z" finished-at="2017-02-25T11:53:23Z">
          <reporter-output>
          </reporter-output>
        </test-method> <!-- prequisites -->
        <test-method status="PASS" signature="verifyExistenceOfOffers()[pri:0, instance:com.testng.yahoo.SnapDeal.SnapDealTestclass@46d56d67]" name="verifyExistenceOfOffers" duration-ms="6714" started-at="2017-02-25T11:53:23Z" finished-at="2017-02-25T11:53:30Z">
          <reporter-output>
          </reporter-output>
        </test-method> <!-- verifyExistenceOfOffers -->
        <test-method status="PASS" signature="closeBrowser()[pri:0, instance:com.testng.yahoo.SnapDeal.SnapDealTestclass@46d56d67]" name="closeBrowser" is-config="true" duration-ms="1725" started-at="2017-02-25T11:53:30Z" finished-at="2017-02-25T11:53:32Z">
          <reporter-output>
          </reporter-output>
        </test-method> <!-- closeBrowser -->
      </class> <!-- com.testng.yahoo.SnapDeal.SnapDealTestclass -->
    </test> <!-- Default test -->
  </suite> <!-- Default suite -->
</testng-results>
